<?xml version="1.0" encoding="UTF-8"?>
<testsuite name="PencilTest" tests="26" skipped="0" failures="0" errors="0" timestamp="2019-01-02T06:46:13" hostname="DESKTOP-9AK9NSF" time="0.028">
  <properties/>
  <testcase name="givenInputTextWithUppercaseChars_whenWriteIsCalled_thenCurrentPointDurabilityIsDecreasedOneExtraForUppercaseChars" classname="PencilTest" time="0.003"/>
  <testcase name="whenSharpenIsCalled_thenLengthIsDecreasedBy1" classname="PencilTest" time="0.0"/>
  <testcase name="givenTextToErase_whenFindIndexOfLastOccurrenceOfErasableTextIsCalled_thenIntegerOfFirstIndexIsReturnedForEraserDurabilityGreaterThanTextLength" classname="PencilTest" time="0.0"/>
  <testcase name="givenPointDurabilityGreaterThanLongInputTextLength_whenPencilWrites_thenPaperHasSameText" classname="PencilTest" time="0.001"/>
  <testcase name="whenEraseTextArgIs4AndEraserDurabilityIs3_thenTheLast3CharsAreReplacedWithBlankSpacesOnPaper" classname="PencilTest" time="0.001"/>
  <testcase name="givenTextToErase_whenCalculateLengthOfErasableTextisCalled_thenIntOfTextLengthIsReturnedWhicheverIsLess" classname="PencilTest" time="0.0"/>
  <testcase name="givenTextToErase_whenFindIndexOfLastOccurrenceOfErasableTextIsCalled_thenIntegerOfFirstIndexIsReturnedForAnyEraserDurabilityGreaterThan0" classname="PencilTest" time="0.001"/>
  <testcase name="givenReplacementTextLongerThanErasedTExt_whenEditIsCalledThenPaperHasReplacementTextWhereErasedTextWasWithOverwriteSymbols" classname="PencilTest" time="0.001"/>
  <testcase name="whenEraseTextLengthIsLessThanEraserDurability_thenTheLastInstanceOfTheTextIsReplacedWithBlankSpaces" classname="PencilTest" time="0.0"/>
  <testcase name="givenEraserDurabilityGreaterThanTextToErase_whenEraseIsCalled_thenLastInstanceOfTextReplacedWithBlankSpaces" classname="PencilTest" time="0.0"/>
  <testcase name="givenTextStringInput_whenCreateBlankIsCalled_thenCurrentEraserDurabilityDecreasesByLengthNotIncludingWhitespaceCharacters" classname="PencilTest" time="0.0"/>
  <testcase name="givenEraserDurabilityLessThanTextToErase_whenCalculateLengthOfErasableTextIsCalled_thenIntEraserDurabilityIsReturned" classname="PencilTest" time="0.0"/>
  <testcase name="givenReplacementTextLongerThanErasedTextAndPointDurability_whenEditIsCalled_ThenPaperHasReplacementTextWhereErasedTextWasWithOverwriteSymbolsAndBlanksWhenDurabilityGoesToZero" classname="PencilTest" time="0.001"/>
  <testcase name="givenReplacementTextLongerThanErasedTextAndContainsWhiteSpaces_whenEditIsCalled_ThenPointDurabilityIsNotReducedForWritingBlanksInEdit" classname="PencilTest" time="0.001"/>
  <testcase name="whenSharpenIsCalled_thenCurrentPointDurabilityIsSetToInitialPointDurability" classname="PencilTest" time="0.0"/>
  <testcase name="givenTextStringInput_whenCreateBlankIsCalled_thenAStringOfSpacesOfTextLengthIsReturned" classname="PencilTest" time="0.002"/>
  <testcase name="givenReplacementText_whenEditIsCalled_thenPaperHasReplacementTextWhereErasedTextWas" classname="PencilTest" time="0.001"/>
  <testcase name="givenEraserDurabilityEqualTo1andHalfOfText_whenEraseCalledThrice_then1stInstanceErased2ndPartiallyErased3rdNotErased" classname="PencilTest" time="0.001"/>
  <testcase name="whenReplacementTextIsLongerThanOriginalText_andEditIsCalled_PencilWritesReplacementTextBeyondTheLengthOfOriginalText" classname="PencilTest" time="0.001"/>
  <testcase name="givenEraserDurabilitylessThanTextToErase_whenEraseIsCalledTwice_thenLastTwoInstancesOfTextReplacedWithBlankSpacesAndRemainingText" classname="PencilTest" time="0.001"/>
  <testcase name="givenPointDurabilityGreaterThanInputTextLength_whenPencilWrites_thenPaperHasSameText" classname="PencilTest" time="0.0"/>
  <testcase name="givenInputTextWithVariousTypesOfChars_whenWriteIsCalledMultipleTimes_thenNewTextOnPaperIsAppendedImmediatelyAfterPreviousText" classname="PencilTest" time="0.001"/>
  <testcase name="givenTextToEraseLongerThanEraserDurability_whenCalculateLengthOfErasableTextisCalled_thenIntEraserDurabilityIsReturnedWhicheverIsLess" classname="PencilTest" time="0.0"/>
  <testcase name="givenInputTextWithWhitespaceChars_whenWriteIsCalled_thenCurrentPointDurabilityIsNotDecreasedForWhitespaceChars" classname="PencilTest" time="0.003"/>
  <testcase name="givenEraserDurabilityGreaterThanTextToErase_whenEraseIsCalledTwice_thenLastTwoInstancesOfTextReplacedWithBlankSpaces" classname="PencilTest" time="0.001"/>
  <testcase name="givenPointDurabilityLessThanInputTextLength_whenWriteIsCalled_thenNewTextOnPaperHasBlanksAfterDurabilityGoesZero" classname="PencilTest" time="0.0"/>
  <system-out><![CDATA[]]></system-out>
  <system-err><![CDATA[]]></system-err>
</testsuite>
