<?xml version="1.0" encoding="UTF-8"?>
<testsuite name="Pencil2Test" tests="18" skipped="0" failures="1" errors="0" timestamp="2018-12-28T14:02:21" hostname="DESKTOP-9AK9NSF" time="0.018">
  <properties/>
  <testcase name="givenInputTextWithUppercaseChars_whenWriteIsCalled_thenCurrentPointDurabilityIsDecreasedOneExtraForUppercaseChars" classname="Pencil2Test" time="0.002"/>
  <testcase name="whenSharpenIsCalled_thenLengthIsDecreasedBy1" classname="Pencil2Test" time="0.0"/>
  <testcase name="givenPointDurabilityGreaterThanLongInputTextLength_whenPencilWrites_thenPaperHasSameText" classname="Pencil2Test" time="0.001"/>
  <testcase name="whenEraseTextArgIs4AndEraserDurabilityIs3_thenTheLast3CharsAreReplacedWithBlankSpacesOnPaper" classname="Pencil2Test" time="0.001"/>
  <testcase name="givenTextToEraseAndReplacementText_whenEditIsCalled_thenPaperHasReplacementTextWhereTextToEraseWas" classname="Pencil2Test" time="0.003">
    <failure message="junit.framework.ComparisonFailure: expected:&lt;OMG! [Blah Owls]   &gt; but was:&lt;OMG! [      ]   &gt;" type="junit.framework.ComparisonFailure">junit.framework.ComparisonFailure: expected:&lt;OMG! [Blah Owls]   &gt; but was:&lt;OMG! [      ]   &gt;
	at junit.framework.Assert.assertEquals(Assert.java:100)
	at junit.framework.Assert.assertEquals(Assert.java:107)
	at junit.framework.TestCase.assertEquals(TestCase.java:269)
	at Pencil2Test.givenTextToEraseAndReplacementText_whenEditIsCalled_thenPaperHasReplacementTextWhereTextToEraseWas(Pencil2Test.java:245)
	at java.base/jdk.internal.reflect.NativeMethodAccessorImpl.invoke0(Native Method)
	at java.base/jdk.internal.reflect.NativeMethodAccessorImpl.invoke(NativeMethodAccessorImpl.java:62)
	at java.base/jdk.internal.reflect.DelegatingMethodAccessorImpl.invoke(DelegatingMethodAccessorImpl.java:43)
	at java.base/java.lang.reflect.Method.invoke(Method.java:566)
	at org.junit.runners.model.FrameworkMethod$1.runReflectiveCall(FrameworkMethod.java:50)
	at org.junit.internal.runners.model.ReflectiveCallable.run(ReflectiveCallable.java:12)
	at org.junit.runners.model.FrameworkMethod.invokeExplosively(FrameworkMethod.java:47)
	at org.junit.internal.runners.statements.InvokeMethod.evaluate(InvokeMethod.java:17)
	at org.junit.runners.ParentRunner.runLeaf(ParentRunner.java:325)
	at org.junit.runners.BlockJUnit4ClassRunner.runChild(BlockJUnit4ClassRunner.java:78)
	at org.junit.runners.BlockJUnit4ClassRunner.runChild(BlockJUnit4ClassRunner.java:57)
	at org.junit.runners.ParentRunner$3.run(ParentRunner.java:290)
	at org.junit.runners.ParentRunner$1.schedule(ParentRunner.java:71)
	at org.junit.runners.ParentRunner.runChildren(ParentRunner.java:288)
	at org.junit.runners.ParentRunner.access$000(ParentRunner.java:58)
	at org.junit.runners.ParentRunner$2.evaluate(ParentRunner.java:268)
	at org.junit.runners.ParentRunner.run(ParentRunner.java:363)
	at org.gradle.api.internal.tasks.testing.junit.JUnitTestClassExecutor.runTestClass(JUnitTestClassExecutor.java:110)
	at org.gradle.api.internal.tasks.testing.junit.JUnitTestClassExecutor.execute(JUnitTestClassExecutor.java:58)
	at org.gradle.api.internal.tasks.testing.junit.JUnitTestClassExecutor.execute(JUnitTestClassExecutor.java:38)
	at org.gradle.api.internal.tasks.testing.junit.AbstractJUnitTestClassProcessor.processTestClass(AbstractJUnitTestClassProcessor.java:66)
	at org.gradle.api.internal.tasks.testing.SuiteTestClassProcessor.processTestClass(SuiteTestClassProcessor.java:51)
	at java.base/jdk.internal.reflect.NativeMethodAccessorImpl.invoke0(Native Method)
	at java.base/jdk.internal.reflect.NativeMethodAccessorImpl.invoke(NativeMethodAccessorImpl.java:62)
	at java.base/jdk.internal.reflect.DelegatingMethodAccessorImpl.invoke(DelegatingMethodAccessorImpl.java:43)
	at java.base/java.lang.reflect.Method.invoke(Method.java:566)
	at org.gradle.internal.dispatch.ReflectionDispatch.dispatch(ReflectionDispatch.java:35)
	at org.gradle.internal.dispatch.ReflectionDispatch.dispatch(ReflectionDispatch.java:24)
	at org.gradle.internal.dispatch.ContextClassLoaderDispatch.dispatch(ContextClassLoaderDispatch.java:32)
	at org.gradle.internal.dispatch.ProxyDispatchAdapter$DispatchingInvocationHandler.invoke(ProxyDispatchAdapter.java:93)
	at com.sun.proxy.$Proxy2.processTestClass(Unknown Source)
	at org.gradle.api.internal.tasks.testing.worker.TestWorker.processTestClass(TestWorker.java:118)
	at java.base/jdk.internal.reflect.NativeMethodAccessorImpl.invoke0(Native Method)
	at java.base/jdk.internal.reflect.NativeMethodAccessorImpl.invoke(NativeMethodAccessorImpl.java:62)
	at java.base/jdk.internal.reflect.DelegatingMethodAccessorImpl.invoke(DelegatingMethodAccessorImpl.java:43)
	at java.base/java.lang.reflect.Method.invoke(Method.java:566)
	at org.gradle.internal.dispatch.ReflectionDispatch.dispatch(ReflectionDispatch.java:35)
	at org.gradle.internal.dispatch.ReflectionDispatch.dispatch(ReflectionDispatch.java:24)
	at org.gradle.internal.remote.internal.hub.MessageHubBackedObjectConnection$DispatchWrapper.dispatch(MessageHubBackedObjectConnection.java:175)
	at org.gradle.internal.remote.internal.hub.MessageHubBackedObjectConnection$DispatchWrapper.dispatch(MessageHubBackedObjectConnection.java:157)
	at org.gradle.internal.remote.internal.hub.MessageHub$Handler.run(MessageHub.java:404)
	at org.gradle.internal.concurrent.ExecutorPolicy$CatchAndRecordFailures.onExecute(ExecutorPolicy.java:63)
	at org.gradle.internal.concurrent.ManagedExecutorImpl$1.run(ManagedExecutorImpl.java:46)
	at java.base/java.util.concurrent.ThreadPoolExecutor.runWorker(ThreadPoolExecutor.java:1128)
	at java.base/java.util.concurrent.ThreadPoolExecutor$Worker.run(ThreadPoolExecutor.java:628)
	at org.gradle.internal.concurrent.ThreadFactoryImpl$ManagedThreadRunnable.run(ThreadFactoryImpl.java:55)
	at java.base/java.lang.Thread.run(Thread.java:834)
</failure>
  </testcase>
  <testcase name="whenEraseTextLengthIsLessThanEraserDurability_thenTheLastInstanceOfTheTextIsReplacedWithBlankSpaces" classname="Pencil2Test" time="0.001"/>
  <testcase name="givenEraserDurabilityGreaterThanTextToErase_whenEraseIsCalled_thenLastInstanceOfTextReplacedWithBlankSpaces" classname="Pencil2Test" time="0.001"/>
  <testcase name="givenTextStringInput_whenCreateBlankIsCalled_thenCurrentEraserDurabilityDecreasesByLengthNotIncludingWhitespaceCharacters" classname="Pencil2Test" time="0.0"/>
  <testcase name="givenEraserDurabilityLessThanTextToErase_whenCalculateLengthOfErasableTextIsCalled_thenIntEraserDurabilityIsReturned" classname="Pencil2Test" time="0.0"/>
  <testcase name="givenTextStringInput_whenReverseIsCalled_thenTheSameStringBackwardsIsReturned" classname="Pencil2Test" time="0.0"/>
  <testcase name="whenSharpenIsCalled_thenCurrentPointDurabilityIsSetToInitialPointDurability" classname="Pencil2Test" time="0.0"/>
  <testcase name="givenTextStringInput_whenCreateBlankIsCalled_thenAStringOfSpacesOfTextLengthIsReturned" classname="Pencil2Test" time="0.0"/>
  <testcase name="givenEraserDurabilityEqualTo1andHalfOfText_whenEraseCalledThrice_then1stInstanceErased2ndPartiallyErased3rdNotErased" classname="Pencil2Test" time="0.001"/>
  <testcase name="givenEraserDurabilitylessThanTextToErase_whenEraseIsCalledTwice_thenLastTwoInstancesOfTextReplacedWithBlankSpacesAndRemainingText" classname="Pencil2Test" time="0.001"/>
  <testcase name="givenPointDurabilityGreaterThanInputTextLength_whenPencilWrites_thenPaperHasSameText" classname="Pencil2Test" time="0.0"/>
  <testcase name="givenInputTextWithVariousTypesOfChars_whenWriteIsCalledMultipleTimes_thenNewTextOnPaperIsAppendedImmediatelyAfterPreviousText" classname="Pencil2Test" time="0.001"/>
  <testcase name="givenInputTextWithWhitespaceChars_whenWriteIsCalled_thenCurrentPointDurabilityIsNotDecreasedForWhitespaceChars" classname="Pencil2Test" time="0.0"/>
  <testcase name="givenEraserDurabilityGreaterThanTextToErase_whenEraseIsCalledTwice_thenLastTwoInstancesOfTextReplacedWithBlankSpaces" classname="Pencil2Test" time="0.001"/>
  <system-out><![CDATA[]]></system-out>
  <system-err><![CDATA[]]></system-err>
</testsuite>
